2023-05-25T00:07:29.353+05:30  INFO 15372 --- [restartedMain] c.t.TaskTrackerApplication               : Starting TaskTrackerApplication using Java 17.0.5 with PID 15372 (C:\Users\Shashwat Pandey\sts-workspace\TaskTrackerApp\target\classes started by Shashwat Pandey in C:\Users\Shashwat Pandey\sts-workspace\TaskTrackerApp)
2023-05-25T00:07:29.368+05:30  INFO 15372 --- [restartedMain] c.t.TaskTrackerApplication               : No active profile set, falling back to 1 default profile: "default"
2023-05-25T00:07:29.492+05:30  INFO 15372 --- [restartedMain] .e.DevToolsPropertyDefaultsPostProcessor : Devtools property defaults active! Set 'spring.devtools.add-properties' to 'false' to disable
2023-05-25T00:07:31.839+05:30  INFO 15372 --- [restartedMain] .s.d.r.c.RepositoryConfigurationDelegate : Bootstrapping Spring Data JPA repositories in DEFAULT mode.
2023-05-25T00:07:31.982+05:30  INFO 15372 --- [restartedMain] .s.d.r.c.RepositoryConfigurationDelegate : Finished Spring Data repository scanning in 124 ms. Found 2 JPA repository interfaces.
2023-05-25T00:07:33.433+05:30  INFO 15372 --- [restartedMain] o.s.b.w.embedded.tomcat.TomcatWebServer  : Tomcat initialized with port(s): 9000 (http)
2023-05-25T00:07:33.455+05:30  INFO 15372 --- [restartedMain] o.apache.catalina.core.StandardService   : Starting service [Tomcat]
2023-05-25T00:07:33.457+05:30  INFO 15372 --- [restartedMain] o.apache.catalina.core.StandardEngine    : Starting Servlet engine: [Apache Tomcat/10.1.5]
2023-05-25T00:07:33.653+05:30  INFO 15372 --- [restartedMain] o.a.c.c.C.[Tomcat].[localhost].[/]       : Initializing Spring embedded WebApplicationContext
2023-05-25T00:07:33.654+05:30  INFO 15372 --- [restartedMain] w.s.c.ServletWebServerApplicationContext : Root WebApplicationContext: initialization completed in 4160 ms
2023-05-25T00:07:34.093+05:30  INFO 15372 --- [restartedMain] o.hibernate.jpa.internal.util.LogHelper  : HHH000204: Processing PersistenceUnitInfo [name: default]
2023-05-25T00:07:34.192+05:30  INFO 15372 --- [restartedMain] org.hibernate.Version                    : HHH000412: Hibernate ORM core version 6.1.6.Final
2023-05-25T00:07:34.483+05:30  WARN 15372 --- [restartedMain] org.hibernate.orm.deprecation            : HHH90000021: Encountered deprecated setting [javax.persistence.sharedCache.mode], use [jakarta.persistence.sharedCache.mode] instead
2023-05-25T00:07:34.754+05:30  INFO 15372 --- [restartedMain] com.zaxxer.hikari.HikariDataSource       : HikariPool-1 - Starting...
2023-05-25T00:07:35.609+05:30  INFO 15372 --- [restartedMain] com.zaxxer.hikari.pool.HikariPool        : HikariPool-1 - Added connection com.mysql.cj.jdbc.ConnectionImpl@5e3ac725
2023-05-25T00:07:35.616+05:30  INFO 15372 --- [restartedMain] com.zaxxer.hikari.HikariDataSource       : HikariPool-1 - Start completed.
2023-05-25T00:07:35.760+05:30  INFO 15372 --- [restartedMain] SQL dialect                              : HHH000400: Using dialect: org.hibernate.dialect.MySQLDialect
2023-05-25T00:07:37.655+05:30  INFO 15372 --- [restartedMain] o.h.e.t.j.p.i.JtaPlatformInitiator       : HHH000490: Using JtaPlatform implementation: [org.hibernate.engine.transaction.jta.platform.internal.NoJtaPlatform]
2023-05-25T00:07:37.681+05:30  INFO 15372 --- [restartedMain] j.LocalContainerEntityManagerFactoryBean : Initialized JPA EntityManagerFactory for persistence unit 'default'
2023-05-25T00:07:38.276+05:30 DEBUG 15372 --- [restartedMain] o.s.b.w.s.ServletContextInitializerBeans : Mapping filters: filterRegistrationBean urls=[/*] order=-2147483647, springSecurityFilterChain urls=[/*] order=-100, characterEncodingFilter urls=[/*] order=-2147483648, formContentFilter urls=[/*] order=-9900, requestContextFilter urls=[/*] order=-105, jwtAuthenticationFilter urls=[/*] order=2147483647
2023-05-25T00:07:38.277+05:30 DEBUG 15372 --- [restartedMain] o.s.b.w.s.ServletContextInitializerBeans : Mapping servlets: dispatcherServlet urls=[/]
2023-05-25T00:07:38.341+05:30 DEBUG 15372 --- [restartedMain] o.s.w.f.ServerHttpObservationFilter      : Filter 'serverHttpObservationFilter' configured for use
2023-05-25T00:07:39.054+05:30  WARN 15372 --- [restartedMain] JpaBaseConfiguration$JpaWebConfiguration : spring.jpa.open-in-view is enabled by default. Therefore, database queries may be performed during view rendering. Explicitly configure spring.jpa.open-in-view to disable this warning
2023-05-25T00:07:39.264+05:30  INFO 15372 --- [restartedMain] o.s.b.a.w.s.WelcomePageHandlerMapping    : Adding welcome page template: index
2023-05-25T00:07:39.386+05:30 DEBUG 15372 --- [restartedMain] s.w.s.m.m.a.RequestMappingHandlerMapping : 14 mappings in 'requestMappingHandlerMapping'
2023-05-25T00:07:39.553+05:30 DEBUG 15372 --- [restartedMain] o.s.w.s.handler.SimpleUrlHandlerMapping  : Patterns [/webjars/**, /**] in 'resourceHandlerMapping'
2023-05-25T00:07:39.863+05:30  INFO 15372 --- [restartedMain] o.s.b.a.e.web.EndpointLinksResolver      : Exposing 1 endpoint(s) beneath base path '/actuator'
2023-05-25T00:07:39.954+05:30  INFO 15372 --- [restartedMain] o.s.s.web.DefaultSecurityFilterChain     : Will secure any request with [org.springframework.security.web.session.DisableEncodeUrlFilter@637f4445, org.springframework.security.web.context.request.async.WebAsyncManagerIntegrationFilter@47b2294, org.springframework.security.web.context.SecurityContextHolderFilter@52b846f0, org.springframework.security.web.header.HeaderWriterFilter@37bd1aaf, org.springframework.security.web.authentication.logout.LogoutFilter@7ffd900a, com.tasktrackerapplication.security.JwtAuthenticationFilter@4e2da0dd, org.springframework.security.web.savedrequest.RequestCacheAwareFilter@69be366e, org.springframework.security.web.servletapi.SecurityContextHolderAwareRequestFilter@1b45a1a9, org.springframework.security.web.authentication.AnonymousAuthenticationFilter@422341c, org.springframework.security.web.session.SessionManagementFilter@7a510c65, org.springframework.security.web.access.ExceptionTranslationFilter@52a69eb, org.springframework.security.web.access.intercept.AuthorizationFilter@166e21a7]
2023-05-25T00:07:40.105+05:30 DEBUG 15372 --- [restartedMain] s.w.s.m.m.a.RequestMappingHandlerAdapter : ControllerAdvice beans: 0 @ModelAttribute, 0 @InitBinder, 1 RequestBodyAdvice, 1 ResponseBodyAdvice
2023-05-25T00:07:40.213+05:30 DEBUG 15372 --- [restartedMain] .m.m.a.ExceptionHandlerExceptionResolver : ControllerAdvice beans: 0 @ExceptionHandler, 1 ResponseBodyAdvice
2023-05-25T00:07:40.933+05:30  INFO 15372 --- [restartedMain] j.s.t.ScheduledThreadPoolJobRunrExecutor : ThreadManager of type 'ScheduledThreadPool' started
2023-05-25T00:07:41.023+05:30  INFO 15372 --- [restartedMain] o.j.dashboard.JobRunrDashboardWebServer  : JobRunr Dashboard using MySqlStorageProvider started at http://localhost:8000/dashboard
2023-05-25T00:07:41.031+05:30  INFO 15372 --- [backgroundjob-zookeeper-pool-2-thread-1] org.jobrunr.server.BackgroundJobServer   : JobRunr BackgroundJobServer (33433bb3-11d8-44be-9439-a2de11294e20) using MySqlStorageProvider and 64 BackgroundJobPerformers started successfully
2023-05-25T00:07:41.032+05:30  INFO 15372 --- [backgroundjob-zookeeper-pool-2-thread-1] org.jobrunr.server.ServerZooKeeper       : Server 33433bb3-11d8-44be-9439-a2de11294e20 is master (this BackgroundJobServer)
2023-05-25T00:07:41.413+05:30  INFO 15372 --- [restartedMain] o.s.b.d.a.OptionalLiveReloadServer       : LiveReload server is running on port 35729
2023-05-25T00:07:41.570+05:30  INFO 15372 --- [restartedMain] o.s.b.w.embedded.tomcat.TomcatWebServer  : Tomcat started on port(s): 9000 (http) with context path ''
2023-05-25T00:07:41.600+05:30  INFO 15372 --- [restartedMain] c.t.TaskTrackerApplication               : Started TaskTrackerApplication in 13.078 seconds (process running for 14.542)
2023-05-25T00:07:42.648+05:30  INFO 15372 --- [RMI TCP Connection(5)-127.0.0.1] o.a.c.c.C.[Tomcat].[localhost].[/]       : Initializing Spring DispatcherServlet 'dispatcherServlet'
2023-05-25T00:07:42.650+05:30  INFO 15372 --- [RMI TCP Connection(5)-127.0.0.1] o.s.web.servlet.DispatcherServlet        : Initializing Servlet 'dispatcherServlet'
2023-05-25T00:07:42.651+05:30 DEBUG 15372 --- [RMI TCP Connection(5)-127.0.0.1] o.s.web.servlet.DispatcherServlet        : Detected StandardServletMultipartResolver
2023-05-25T00:07:42.652+05:30 DEBUG 15372 --- [RMI TCP Connection(5)-127.0.0.1] o.s.web.servlet.DispatcherServlet        : Detected AcceptHeaderLocaleResolver
2023-05-25T00:07:42.654+05:30 DEBUG 15372 --- [RMI TCP Connection(5)-127.0.0.1] o.s.web.servlet.DispatcherServlet        : Detected FixedThemeResolver
2023-05-25T00:07:42.659+05:30 DEBUG 15372 --- [RMI TCP Connection(5)-127.0.0.1] o.s.web.servlet.DispatcherServlet        : Detected org.springframework.web.servlet.view.DefaultRequestToViewNameTranslator@8a92eeb
2023-05-25T00:07:42.661+05:30 DEBUG 15372 --- [RMI TCP Connection(5)-127.0.0.1] o.s.web.servlet.DispatcherServlet        : Detected org.springframework.web.servlet.support.SessionFlashMapManager@4dab9e8b
2023-05-25T00:07:42.663+05:30 DEBUG 15372 --- [RMI TCP Connection(5)-127.0.0.1] o.s.web.servlet.DispatcherServlet        : enableLoggingRequestDetails='false': request parameters and headers will be masked to prevent unsafe logging of potentially sensitive data
2023-05-25T00:07:42.664+05:30  INFO 15372 --- [RMI TCP Connection(5)-127.0.0.1] o.s.web.servlet.DispatcherServlet        : Completed initialization in 13 ms
2023-05-25T00:59:32.501+05:30  WARN 15372 --- [HikariPool-1 housekeeper] com.zaxxer.hikari.pool.HikariPool        : HikariPool-1 - Thread starvation or clock leap detected (housekeeper delta=5m26s60ms593µs600ns).
2023-05-25T01:07:46.570+05:30  INFO 15372 --- [backgroundjob-zookeeper-pool-2-thread-2] o.j.s.tasks.CheckForNewJobRunrVersion    : JobRunr version 6.2.0 is available.
2023-05-25T01:11:45.171+05:30  INFO 15372 --- [RMI TCP Connection(68)-127.0.0.1] inMXBeanRegistrar$SpringApplicationAdmin : Application shutdown requested.
2023-05-25T01:11:45.191+05:30  INFO 15372 --- [RMI TCP Connection(68)-127.0.0.1] o.apache.catalina.core.StandardService   : Stopping service [Tomcat]
2023-05-25T01:11:45.192+05:30  INFO 15372 --- [RMI TCP Connection(68)-127.0.0.1] o.a.c.c.C.[Tomcat].[localhost].[/]       : Destroying Spring FrameworkServlet 'dispatcherServlet'
2023-05-25T01:11:45.196+05:30  WARN 15372 --- [RMI TCP Connection(68)-127.0.0.1] o.a.c.loader.WebappClassLoaderBase       : The web application [ROOT] appears to have started a thread named [HikariPool-1 housekeeper] but has failed to stop it. This is very likely to create a memory leak. Stack trace of thread:
 java.base@17.0.5/jdk.internal.misc.Unsafe.park(Native Method)
 java.base@17.0.5/java.util.concurrent.locks.LockSupport.parkNanos(LockSupport.java:252)
 java.base@17.0.5/java.util.concurrent.locks.AbstractQueuedSynchronizer$ConditionObject.awaitNanos(AbstractQueuedSynchronizer.java:1672)
 java.base@17.0.5/java.util.concurrent.ScheduledThreadPoolExecutor$DelayedWorkQueue.take(ScheduledThreadPoolExecutor.java:1182)
 java.base@17.0.5/java.util.concurrent.ScheduledThreadPoolExecutor$DelayedWorkQueue.take(ScheduledThreadPoolExecutor.java:899)
 java.base@17.0.5/java.util.concurrent.ThreadPoolExecutor.getTask(ThreadPoolExecutor.java:1062)
 java.base@17.0.5/java.util.concurrent.ThreadPoolExecutor.runWorker(ThreadPoolExecutor.java:1122)
 java.base@17.0.5/java.util.concurrent.ThreadPoolExecutor$Worker.run(ThreadPoolExecutor.java:635)
 java.base@17.0.5/java.lang.Thread.run(Thread.java:833)
2023-05-25T01:11:45.204+05:30  INFO 15372 --- [RMI TCP Connection(68)-127.0.0.1] o.j.dashboard.JobRunrDashboardWebServer  : JobRunr dashboard stopped
2023-05-25T01:11:45.205+05:30  INFO 15372 --- [RMI TCP Connection(68)-127.0.0.1] org.jobrunr.server.BackgroundJobServer   : BackgroundJobServer and BackgroundJobPerformers - stopping (waiting for all jobs to complete - max 10 seconds)
2023-05-25T01:11:45.241+05:30  INFO 15372 --- [RMI TCP Connection(68)-127.0.0.1] org.jobrunr.server.BackgroundJobServer   : BackgroundJobServer and BackgroundJobPerformers stopped
2023-05-25T01:11:45.244+05:30  INFO 15372 --- [RMI TCP Connection(68)-127.0.0.1] j.LocalContainerEntityManagerFactoryBean : Closing JPA EntityManagerFactory for persistence unit 'default'
2023-05-25T01:11:45.250+05:30  INFO 15372 --- [RMI TCP Connection(68)-127.0.0.1] com.zaxxer.hikari.HikariDataSource       : HikariPool-1 - Shutdown initiated...
2023-05-25T01:11:45.255+05:30  INFO 15372 --- [RMI TCP Connection(68)-127.0.0.1] com.zaxxer.hikari.HikariDataSource       : HikariPool-1 - Shutdown completed.
2023-05-25T12:21:27.674+05:30  INFO 10496 --- [main] c.t.TaskTrackerAppApplicationTests       : Starting TaskTrackerAppApplicationTests using Java 17.0.5 with PID 10496 (started by Shashwat Pandey in C:\Users\Shashwat Pandey\sts-workspace\TaskTrackerApp)
2023-05-25T12:21:27.679+05:30  INFO 10496 --- [main] c.t.TaskTrackerAppApplicationTests       : No active profile set, falling back to 1 default profile: "default"
2023-05-25T12:21:27.770+05:30 DEBUG 10496 --- [main] o.s.w.c.s.GenericWebApplicationContext   : Refreshing org.springframework.web.context.support.GenericWebApplicationContext@1532c619
2023-05-25T12:21:30.791+05:30  INFO 10496 --- [main] .s.d.r.c.RepositoryConfigurationDelegate : Bootstrapping Spring Data JPA repositories in DEFAULT mode.
2023-05-25T12:21:31.040+05:30  INFO 10496 --- [main] .s.d.r.c.RepositoryConfigurationDelegate : Finished Spring Data repository scanning in 180 ms. Found 2 JPA repository interfaces.
2023-05-25T12:21:32.862+05:30  INFO 10496 --- [main] o.hibernate.jpa.internal.util.LogHelper  : HHH000204: Processing PersistenceUnitInfo [name: default]
2023-05-25T12:21:33.069+05:30  INFO 10496 --- [main] org.hibernate.Version                    : HHH000412: Hibernate ORM core version 6.1.6.Final
2023-05-25T12:21:33.609+05:30  WARN 10496 --- [main] org.hibernate.orm.deprecation            : HHH90000021: Encountered deprecated setting [javax.persistence.sharedCache.mode], use [jakarta.persistence.sharedCache.mode] instead
2023-05-25T12:21:34.042+05:30  INFO 10496 --- [main] com.zaxxer.hikari.HikariDataSource       : HikariPool-1 - Starting...
2023-05-25T12:21:34.816+05:30  INFO 10496 --- [main] com.zaxxer.hikari.pool.HikariPool        : HikariPool-1 - Added connection com.mysql.cj.jdbc.ConnectionImpl@4e85dcb2
2023-05-25T12:21:34.827+05:30  INFO 10496 --- [main] com.zaxxer.hikari.HikariDataSource       : HikariPool-1 - Start completed.
2023-05-25T12:21:35.040+05:30  INFO 10496 --- [main] SQL dialect                              : HHH000400: Using dialect: org.hibernate.dialect.MySQLDialect
2023-05-25T12:21:37.344+05:30  INFO 10496 --- [main] o.h.e.t.j.p.i.JtaPlatformInitiator       : HHH000490: Using JtaPlatform implementation: [org.hibernate.engine.transaction.jta.platform.internal.NoJtaPlatform]
2023-05-25T12:21:37.365+05:30  INFO 10496 --- [main] j.LocalContainerEntityManagerFactoryBean : Initialized JPA EntityManagerFactory for persistence unit 'default'
2023-05-25T12:21:39.663+05:30  WARN 10496 --- [main] JpaBaseConfiguration$JpaWebConfiguration : spring.jpa.open-in-view is enabled by default. Therefore, database queries may be performed during view rendering. Explicitly configure spring.jpa.open-in-view to disable this warning
2023-05-25T12:21:40.181+05:30  INFO 10496 --- [main] o.s.b.a.w.s.WelcomePageHandlerMapping    : Adding welcome page template: index
2023-05-25T12:21:40.399+05:30 DEBUG 10496 --- [main] s.w.s.m.m.a.RequestMappingHandlerMapping : 14 mappings in 'requestMappingHandlerMapping'
2023-05-25T12:21:40.747+05:30 DEBUG 10496 --- [main] o.s.w.s.handler.SimpleUrlHandlerMapping  : Patterns [/webjars/**, /**] in 'resourceHandlerMapping'
2023-05-25T12:21:41.152+05:30  INFO 10496 --- [main] o.s.b.a.e.web.EndpointLinksResolver      : Exposing 1 endpoint(s) beneath base path '/actuator'
2023-05-25T12:21:41.283+05:30  INFO 10496 --- [main] o.s.s.web.DefaultSecurityFilterChain     : Will secure any request with [org.springframework.security.web.session.DisableEncodeUrlFilter@6d0cc47d, org.springframework.security.web.context.request.async.WebAsyncManagerIntegrationFilter@56dae6, org.springframework.security.web.context.SecurityContextHolderFilter@30be6a05, org.springframework.security.web.header.HeaderWriterFilter@5702232d, org.springframework.security.web.authentication.logout.LogoutFilter@11eb8842, com.tasktrackerapplication.security.JwtAuthenticationFilter@428e9be2, org.springframework.security.web.savedrequest.RequestCacheAwareFilter@7a4c1a6c, org.springframework.security.web.servletapi.SecurityContextHolderAwareRequestFilter@30fffb53, org.springframework.security.web.authentication.AnonymousAuthenticationFilter@57fe6f2d, org.springframework.security.web.session.SessionManagementFilter@46f3d0f7, org.springframework.security.web.access.ExceptionTranslationFilter@149fab7f, org.springframework.security.web.access.intercept.AuthorizationFilter@5397d41e]
2023-05-25T12:21:41.884+05:30 DEBUG 10496 --- [main] s.w.s.m.m.a.RequestMappingHandlerAdapter : ControllerAdvice beans: 0 @ModelAttribute, 0 @InitBinder, 1 RequestBodyAdvice, 1 ResponseBodyAdvice
2023-05-25T12:21:42.041+05:30 DEBUG 10496 --- [main] .m.m.a.ExceptionHandlerExceptionResolver : ControllerAdvice beans: 0 @ExceptionHandler, 1 ResponseBodyAdvice
2023-05-25T12:21:43.097+05:30  INFO 10496 --- [main] j.s.t.ScheduledThreadPoolJobRunrExecutor : ThreadManager of type 'ScheduledThreadPool' started
2023-05-25T12:21:43.248+05:30  INFO 10496 --- [backgroundjob-zookeeper-pool-1-thread-1] org.jobrunr.server.BackgroundJobServer   : JobRunr BackgroundJobServer (93792478-d911-4c52-9b1f-f716a3aca333) using MySqlStorageProvider and 64 BackgroundJobPerformers started successfully
2023-05-25T12:21:43.250+05:30  INFO 10496 --- [backgroundjob-zookeeper-pool-1-thread-1] org.jobrunr.server.ServerZooKeeper       : Server 93792478-d911-4c52-9b1f-f716a3aca333 is master (this BackgroundJobServer)
2023-05-25T12:21:43.286+05:30  INFO 10496 --- [main] o.j.dashboard.JobRunrDashboardWebServer  : JobRunr Dashboard using MySqlStorageProvider started at http://localhost:8000/dashboard
2023-05-25T12:21:43.904+05:30  INFO 10496 --- [main] c.t.TaskTrackerAppApplicationTests       : Started TaskTrackerAppApplicationTests in 17.288 seconds (process running for 20.488)
2023-05-25T12:21:44.761+05:30 DEBUG 10496 --- [SpringApplicationShutdownHook] o.s.w.c.s.GenericWebApplicationContext   : Closing org.springframework.web.context.support.GenericWebApplicationContext@1532c619, started on Thu May 25 12:21:27 IST 2023
2023-05-25T12:21:44.787+05:30  INFO 10496 --- [SpringApplicationShutdownHook] o.j.dashboard.JobRunrDashboardWebServer  : JobRunr dashboard stopped
2023-05-25T12:21:44.789+05:30  INFO 10496 --- [SpringApplicationShutdownHook] org.jobrunr.server.BackgroundJobServer   : BackgroundJobServer and BackgroundJobPerformers - stopping (waiting for all jobs to complete - max 10 seconds)
2023-05-25T12:21:44.859+05:30  INFO 10496 --- [SpringApplicationShutdownHook] org.jobrunr.server.BackgroundJobServer   : BackgroundJobServer and BackgroundJobPerformers stopped
2023-05-25T12:21:44.866+05:30  INFO 10496 --- [SpringApplicationShutdownHook] j.LocalContainerEntityManagerFactoryBean : Closing JPA EntityManagerFactory for persistence unit 'default'
2023-05-25T12:21:44.874+05:30  INFO 10496 --- [SpringApplicationShutdownHook] com.zaxxer.hikari.HikariDataSource       : HikariPool-1 - Shutdown initiated...
2023-05-25T12:21:44.906+05:30  INFO 10496 --- [SpringApplicationShutdownHook] com.zaxxer.hikari.HikariDataSource       : HikariPool-1 - Shutdown completed.
